c:\users\asus\source\repos\18120554_nguyen_quoc_thai\exrcise2\debug\vc142.pdb
c:\users\asus\source\repos\18120554_nguyen_quoc_thai\exrcise2\debug\vc142.idb
c:\users\asus\source\repos\18120554_nguyen_quoc_thai\exrcise2\debug\view.obj
c:\users\asus\source\repos\18120554_nguyen_quoc_thai\exrcise2\debug\vietnambook.obj
c:\users\asus\source\repos\18120554_nguyen_quoc_thai\exrcise2\debug\source.obj
c:\users\asus\source\repos\18120554_nguyen_quoc_thai\exrcise2\debug\model.obj
c:\users\asus\source\repos\18120554_nguyen_quoc_thai\exrcise2\debug\library.obj
c:\users\asus\source\repos\18120554_nguyen_quoc_thai\exrcise2\debug\infoborrow.obj
c:\users\asus\source\repos\18120554_nguyen_quoc_thai\exrcise2\debug\englishbook.obj
c:\users\asus\source\repos\18120554_nguyen_quoc_thai\exrcise2\debug\controller.obj
c:\users\asus\source\repos\18120554_nguyen_quoc_thai\exrcise2\debug\book.obj
c:\users\asus\source\repos\18120554_nguyen_quoc_thai\debug\exrcise2.pdb
c:\users\asus\source\repos\18120554_nguyen_quoc_thai\exrcise2\debug\exrcise2.tlog\cl.command.1.tlog
c:\users\asus\source\repos\18120554_nguyen_quoc_thai\exrcise2\debug\exrcise2.tlog\cl.read.1.tlog
c:\users\asus\source\repos\18120554_nguyen_quoc_thai\exrcise2\debug\exrcise2.tlog\cl.write.1.tlog
c:\users\asus\source\repos\18120554_nguyen_quoc_thai\exrcise2\debug\exrcise2.tlog\link-cvtres.read.1.tlog
c:\users\asus\source\repos\18120554_nguyen_quoc_thai\exrcise2\debug\exrcise2.tlog\link-cvtres.write.1.tlog
c:\users\asus\source\repos\18120554_nguyen_quoc_thai\exrcise2\debug\exrcise2.tlog\link-rc.read.1.tlog
c:\users\asus\source\repos\18120554_nguyen_quoc_thai\exrcise2\debug\exrcise2.tlog\link-rc.write.1.tlog
c:\users\asus\source\repos\18120554_nguyen_quoc_thai\exrcise2\debug\exrcise2.tlog\link.command.1.tlog
c:\users\asus\source\repos\18120554_nguyen_quoc_thai\exrcise2\debug\exrcise2.tlog\link.read.1.tlog
c:\users\asus\source\repos\18120554_nguyen_quoc_thai\exrcise2\debug\exrcise2.tlog\link.write.1.tlog
